<?xml version="1.0" encoding="UTF-8"?>
<testng-results skipped="0" failed="0" ignored="0" total="3" passed="3">
  <reporter-output>
  </reporter-output>
  <suite name="Default suite" duration-ms="144579" started-at="2021-02-22T10:44:28 IST" finished-at="2021-02-22T10:46:53 IST">
    <groups>
    </groups>
    <test name="Default test" duration-ms="144579" started-at="2021-02-22T10:44:28 IST" finished-at="2021-02-22T10:46:53 IST">
      <class name="DemoWebShop.Display_Notebook_by12">
        <test-method status="PASS" signature="beforeClass()[pri:0, instance:DemoWebShop.Display_Notebook_by12@2d8f65a4]" name="beforeClass" is-config="true" duration-ms="101197" started-at="2021-02-22T10:44:28 IST" finished-at="2021-02-22T10:46:10 IST">
          <reporter-output>
          </reporter-output>
        </test-method> <!-- beforeClass -->
        <test-method status="PASS" signature="login()[pri:0, instance:DemoWebShop.Display_Notebook_by12@2d8f65a4]" name="login" duration-ms="27305" started-at="2021-02-22T10:46:10 IST" finished-at="2021-02-22T10:46:37 IST">
          <reporter-output>
          </reporter-output>
        </test-method> <!-- login -->
        <test-method status="PASS" signature="notebook()[pri:0, instance:DemoWebShop.Display_Notebook_by12@2d8f65a4]" name="notebook" duration-ms="8215" started-at="2021-02-22T10:46:37 IST" depends-on-methods="DemoWebShop.Display_Notebook_by12.login" finished-at="2021-02-22T10:46:45 IST">
          <reporter-output>
          </reporter-output>
        </test-method> <!-- notebook -->
        <test-method status="PASS" signature="display12()[pri:0, instance:DemoWebShop.Display_Notebook_by12@2d8f65a4]" name="display12" duration-ms="6372" started-at="2021-02-22T10:46:45 IST" depends-on-methods="DemoWebShop.Display_Notebook_by12.notebook" finished-at="2021-02-22T10:46:52 IST">
          <reporter-output>
          </reporter-output>
        </test-method> <!-- display12 -->
        <test-method status="PASS" signature="afterClass()[pri:0, instance:DemoWebShop.Display_Notebook_by12@2d8f65a4]" name="afterClass" is-config="true" duration-ms="1213" started-at="2021-02-22T10:46:52 IST" finished-at="2021-02-22T10:46:53 IST">
          <reporter-output>
          </reporter-output>
        </test-method> <!-- afterClass -->
      </class> <!-- DemoWebShop.Display_Notebook_by12 -->
    </test> <!-- Default test -->
  </suite> <!-- Default suite -->
</testng-results>
